------------------[WebTree]----------------------
www.baidu.com
/
+- www.baidu.com
    +- img
    |   +- bd_logo1.png
    |   +- baidu_jgylogo3.gif
    |   +- logo-yy.gif
    +- cache
    |   +- sethelp
    |       +- index.html
    |       +- img
    |           +- opera3.jpg
    |           +- safari1.jpg
    |           +- green_browser2.jpg
    |           +- 360_2.png
    |           +- aoyou2_01.jpg
    |           +- sougou1.jpg
    |           +- tt2.jpg
    |           +- chrome4.jpg
    |           +- green_browser1.jpg
    |           +- kr1.jpg
    |           +- bdb_01.png
    |           +- default_search_ie.gif
    |           +- default_search_ff.gif
    |           +- 360_1.png
    |           +- 360_jishu2.png
    |           +- bdb_menu.png
    |           +- kj_tishi1.gif
    |           +- sougou2.jpg
    |           +- 360_jishu1.png
    |           +- world_jishu2.jpg
    |           +- world_window1.jpg
    |           +- safari2.jpg
    |           +- kr2.jpg
    |           +- bdb_home.png
    |           +- ie1.jpg
    |           +- tt1.jpg
    |           +- firefox01.jpg
    |           +- firefox02.jpg
    |           +- chrome3.jpg
    |           +- sz_bt.gif
    |           +- 360_4.png
    |           +- aoyou2_02.jpg
    |           +- qq1.jpg
    |           +- chrome5.jpg
    |           +- opera1.jpg
    |           +- opera2.jpg
    |           +- bdb_05.png
    |           +- 360_3.png
    |           +- qq2.jpg
    |           +- kj_chromecj.gif
    |           +- world_jishu1.jpg
    |           +- bdb_03.png
    |           +- ie2.jpg
    |           +- world_window2.jpg
    |           +- bdb_02.png
    |           +- bdb_04.png
    +- duty
    |   +- ..
    |   |   +- home.html
    |   +- copyright.html
    |   +- right.html
    |   +- yinsiquan.html
    |   +- baozhan.html
    |   +- index.html
    |   +- safe_control.html
    |   +- cpro_url
    +- pub
    |   +- css
    |       +- new_font.css
    +- search
    |   +- jiqiao.html
    |   +- jubao.html
    |   +- jubao
    |       +- lc.png
    |       +- click.png
    +- js
    |   +- bdsug.js
    +- resources_new
    |   +- static
    |       +- images
    |       |   +- favicon.ico
    |       +- css
    |       |   +- global.css
    |       |   +- prodHelp.css
    |       +- js
    |           +- lib
    |           |   +- tangram-2.0.2.1.js
    |           +- common.js
    +- index
    +- gaoji
    |   +- preferences.html
    |   +- img
    |   |   +- new.png
    |   +- nsclickDomain
    +- more
    |   +- index.html
    +- question
----------------[UrlList]----------------------
                 Len: 32
http://www.baidu.com/duty/right.html
http://www.baidu.com/duty/safe_control.html
http://www.baidu.com/more/index.html
http://www.baidu.com/index
http://www.baidu.com/question?prod_en=wenku
http://www.baidu.com/more/
http://www.baidu.com/question?prod_en=webmaster
http://www.baidu.com/question?prod_en=news
http://www.baidu.com/question?prod_en=baike
http://www.baidu.com/duty/copyright.html
http://www.baidu.com/question?prod_en=dict
http://www.baidu.com/question?prod_en=tieba
http://www.baidu.com/question?prod_en=image
http://www.baidu.com/question?prod_en=map
http://www.baidu.com/cache/sethelp/index.html
http://www.baidu.com/duty/yinsiquan.html
http://www.baidu.com/search/jiqiao.html
http://www.baidu.com/search/jubao.html
http://www.baidu.com/duty/cpro_url
http://www.baidu.com/question?prod_en=music
http://www.baidu.com/question?prod_en=zhidao
http://www.baidu.com/question?prod_en=hi
http://www.baidu.com/gaoji/preferences.html
http://www.baidu.com/gaoji/nsclickDomain
http://www.baidu.com
http://www.baidu.com/duty/baozhan.html
http://www.baidu.com/question
http://www.baidu.com/question?prod_en=video
http://www.baidu.com/duty/
http://www.baidu.com/
http://www.baidu.com/duty/../home.html
http://www.baidu.com/duty/index.html

-----------------------------------------------